<?xml version="1.0" encoding="UTF-8"?>
<testsuites>
  <testsuite name="CodeIgniter Application Test Suite" tests="58" assertions="72" failures="0" errors="0" time="2.099670">
    <testsuite name="Admin_test" file="/var/www/html/kppl-leli/application/tests/controllers/Admin_test.php" fullPackage="Admin" tests="1" assertions="1" failures="0" errors="0" time="0.020086">
      <testcase name="test_index" class="Admin_test" file="/var/www/html/kppl-leli/application/tests/controllers/Admin_test.php" line="5" assertions="1" time="0.020086"/>
    </testsuite>
    <testsuite name="Barang_test" file="/var/www/html/kppl-leli/application/tests/controllers/Barang_test.php" fullPackage="Barang" tests="6" assertions="10" failures="0" errors="0" time="0.166063">
      <testcase name="test_index" class="Barang_test" file="/var/www/html/kppl-leli/application/tests/controllers/Barang_test.php" line="5" assertions="2" time="0.067170"/>
      <testcase name="test_index_gagal" class="Barang_test" file="/var/www/html/kppl-leli/application/tests/controllers/Barang_test.php" line="16" assertions="1" time="0.023287"/>
      <testcase name="test_nosess" class="Barang_test" file="/var/www/html/kppl-leli/application/tests/controllers/Barang_test.php" line="26" assertions="2" time="0.016847"/>
      <testcase name="test_update" class="Barang_test" file="/var/www/html/kppl-leli/application/tests/controllers/Barang_test.php" line="34" assertions="2" time="0.023721"/>
      <testcase name="test_update_fail" class="Barang_test" file="/var/www/html/kppl-leli/application/tests/controllers/Barang_test.php" line="44" assertions="1" time="0.018375"/>
      <testcase name="test_hapus" class="Barang_test" file="/var/www/html/kppl-leli/application/tests/controllers/Barang_test.php" line="54" assertions="2" time="0.016663"/>
    </testsuite>
    <testsuite name="Dashboard_test" file="/var/www/html/kppl-leli/application/tests/controllers/Dashboard_test.php" fullPackage="Dashboard" tests="7" assertions="8" failures="0" errors="0" time="0.158743">
      <testcase name="test_nosession" class="Dashboard_test" file="/var/www/html/kppl-leli/application/tests/controllers/Dashboard_test.php" line="5" assertions="2" time="0.016301"/>
      <testcase name="test_index_penawar" class="Dashboard_test" file="/var/www/html/kppl-leli/application/tests/controllers/Dashboard_test.php" line="10" assertions="1" time="0.025812"/>
      <testcase name="test_index_pelelang" class="Dashboard_test" file="/var/www/html/kppl-leli/application/tests/controllers/Dashboard_test.php" line="16" assertions="1" time="0.028344"/>
      <testcase name="test_halaman_withdrawal" class="Dashboard_test" file="/var/www/html/kppl-leli/application/tests/controllers/Dashboard_test.php" line="22" assertions="1" time="0.020163"/>
      <testcase name="test_tambah_barang_pelelang" class="Dashboard_test" file="/var/www/html/kppl-leli/application/tests/controllers/Dashboard_test.php" line="28" assertions="1" time="0.021357"/>
      <testcase name="test_halama_edit" class="Dashboard_test" file="/var/www/html/kppl-leli/application/tests/controllers/Dashboard_test.php" line="34" assertions="1" time="0.022347"/>
      <testcase name="test_ditawar" class="Dashboard_test" file="/var/www/html/kppl-leli/application/tests/controllers/Dashboard_test.php" line="40" assertions="1" time="0.024419"/>
    </testsuite>
    <testsuite name="Dompet_test" file="/var/www/html/kppl-leli/application/tests/controllers/Dompet_test.php" fullPackage="Dompet" tests="8" assertions="8" failures="0" errors="0" time="0.343053">
      <testcase name="test_add" class="Dompet_test" file="/var/www/html/kppl-leli/application/tests/controllers/Dompet_test.php" line="9" assertions="1" time="0.111687"/>
      <testcase name="test_add_fail" class="Dompet_test" file="/var/www/html/kppl-leli/application/tests/controllers/Dompet_test.php" line="19" assertions="1" time="0.026608"/>
      <testcase name="test_withdrawal" class="Dompet_test" file="/var/www/html/kppl-leli/application/tests/controllers/Dompet_test.php" line="27" assertions="1" time="0.065605"/>
      <testcase name="test_withdrawal_fail" class="Dompet_test" file="/var/www/html/kppl-leli/application/tests/controllers/Dompet_test.php" line="36" assertions="1" time="0.026523"/>
      <testcase name="test_withdrawal_fail_overwithdraw" class="Dompet_test" file="/var/www/html/kppl-leli/application/tests/controllers/Dompet_test.php" line="45" assertions="1" time="0.028003"/>
      <testcase name="test_index_penawar" class="Dompet_test" file="/var/www/html/kppl-leli/application/tests/controllers/Dompet_test.php" line="54" assertions="1" time="0.030202"/>
      <testcase name="test_index_pelelang" class="Dompet_test" file="/var/www/html/kppl-leli/application/tests/controllers/Dompet_test.php" line="60" assertions="1" time="0.030039"/>
      <testcase name="test_index_nosess" class="Dompet_test" file="/var/www/html/kppl-leli/application/tests/controllers/Dompet_test.php" line="66" assertions="1" time="0.024386"/>
    </testsuite>
    <testsuite name="Lelang_test" file="/var/www/html/kppl-leli/application/tests/controllers/Lelang_test.php" fullPackage="Lelang" tests="1" assertions="1" failures="0" errors="0" time="0.015153">
      <testcase name="test_tawaran" class="Lelang_test" file="/var/www/html/kppl-leli/application/tests/controllers/Lelang_test.php" line="4" assertions="1" time="0.015153"/>
    </testsuite>
    <testsuite name="Pembayaran_test" file="/var/www/html/kppl-leli/application/tests/controllers/Pembayaran_test.php" fullPackage="Pembayaran" tests="3" assertions="3" failures="0" errors="0" time="0.160028">
      <testcase name="test_bayar" class="Pembayaran_test" file="/var/www/html/kppl-leli/application/tests/controllers/Pembayaran_test.php" line="5" assertions="1" time="0.018708"/>
      <testcase name="test_bayar_sukses" class="Pembayaran_test" file="/var/www/html/kppl-leli/application/tests/controllers/Pembayaran_test.php" line="14" assertions="1" time="0.125538"/>
      <testcase name="test_bayar_nosess" class="Pembayaran_test" file="/var/www/html/kppl-leli/application/tests/controllers/Pembayaran_test.php" line="23" assertions="1" time="0.015782"/>
    </testsuite>
    <testsuite name="Penawaran_test" file="/var/www/html/kppl-leli/application/tests/controllers/Penawaran_test.php" fullPackage="Penawaran" tests="6" assertions="6" failures="0" errors="0" time="0.201682">
      <testcase name="test_tawar" class="Penawaran_test" file="/var/www/html/kppl-leli/application/tests/controllers/Penawaran_test.php" line="4" assertions="1" time="0.065453"/>
      <testcase name="test_tawar_fails" class="Penawaran_test" file="/var/www/html/kppl-leli/application/tests/controllers/Penawaran_test.php" line="11" assertions="1" time="0.020938"/>
      <testcase name="test_tawar_fails_pernah_bid" class="Penawaran_test" file="/var/www/html/kppl-leli/application/tests/controllers/Penawaran_test.php" line="18" assertions="1" time="0.020444"/>
      <testcase name="test_withdraw" class="Penawaran_test" file="/var/www/html/kppl-leli/application/tests/controllers/Penawaran_test.php" line="25" assertions="1" time="0.058202"/>
      <testcase name="test_withdraw_fails" class="Penawaran_test" file="/var/www/html/kppl-leli/application/tests/controllers/Penawaran_test.php" line="30" assertions="1" time="0.022286"/>
      <testcase name="test_index_nosess" class="Penawaran_test" file="/var/www/html/kppl-leli/application/tests/controllers/Penawaran_test.php" line="35" assertions="1" time="0.014359"/>
    </testsuite>
    <testsuite name="User_test" file="/var/www/html/kppl-leli/application/tests/controllers/User_test.php" fullPackage="User" tests="16" assertions="25" failures="0" errors="0" time="0.641868">
      <testcase name="test_login" class="User_test" file="/var/www/html/kppl-leli/application/tests/controllers/User_test.php" line="17" assertions="1" time="0.030787"/>
      <testcase name="test_signup" class="User_test" file="/var/www/html/kppl-leli/application/tests/controllers/User_test.php" line="22" assertions="1" time="0.024747"/>
      <testcase name="test_doLogin_penawar" class="User_test" file="/var/www/html/kppl-leli/application/tests/controllers/User_test.php" line="27" assertions="2" time="0.044894"/>
      <testcase name="test_doLogin_penawar_fail" class="User_test" file="/var/www/html/kppl-leli/application/tests/controllers/User_test.php" line="37" assertions="1" time="0.043778"/>
      <testcase name="test_doLogin_penawar_blank" class="User_test" file="/var/www/html/kppl-leli/application/tests/controllers/User_test.php" line="42" assertions="1" time="0.027533"/>
      <testcase name="test_doLogin_pelelang" class="User_test" file="/var/www/html/kppl-leli/application/tests/controllers/User_test.php" line="47" assertions="2" time="0.044697"/>
      <testcase name="test_doLogin_pelelang_fail" class="User_test" file="/var/www/html/kppl-leli/application/tests/controllers/User_test.php" line="52" assertions="1" time="0.043851"/>
      <testcase name="test_doLogin_admin" class="User_test" file="/var/www/html/kppl-leli/application/tests/controllers/User_test.php" line="57" assertions="2" time="0.042224"/>
      <testcase name="test_doLogin_admin_fail" class="User_test" file="/var/www/html/kppl-leli/application/tests/controllers/User_test.php" line="62" assertions="1" time="0.042399"/>
      <testcase name="test_login_fail_blank_field" class="User_test" file="/var/www/html/kppl-leli/application/tests/controllers/User_test.php" line="67" assertions="2" time="0.026385"/>
      <testcase name="test_signup_new" class="User_test" file="/var/www/html/kppl-leli/application/tests/controllers/User_test.php" line="74" assertions="2" time="0.122483"/>
      <testcase name="test_signup_new_pelelang" class="User_test" file="/var/www/html/kppl-leli/application/tests/controllers/User_test.php" line="78" assertions="2" time="0.032494"/>
      <testcase name="test_signup_new_lelang_error" class="User_test" file="/var/www/html/kppl-leli/application/tests/controllers/User_test.php" line="82" assertions="2" time="0.034146"/>
      <testcase name="test_signup_error" class="User_test" file="/var/www/html/kppl-leli/application/tests/controllers/User_test.php" line="86" assertions="2" time="0.032340"/>
      <testcase name="test_logout" class="User_test" file="/var/www/html/kppl-leli/application/tests/controllers/User_test.php" line="90" assertions="2" time="0.025008"/>
      <testcase name="test_method_404" class="User_test" file="/var/www/html/kppl-leli/application/tests/controllers/User_test.php" line="94" assertions="1" time="0.024102"/>
    </testsuite>
    <testsuite name="GeneralModel_test" file="/var/www/html/kppl-leli/application/tests/models/GeneralModel_test.php" fullPackage="GeneralModel" tests="6" assertions="5" failures="0" errors="0" time="0.251006">
      <testcase name="test_create_true" class="GeneralModel_test" file="/var/www/html/kppl-leli/application/tests/models/GeneralModel_test.php" line="16" assertions="1" time="0.125317"/>
      <testcase name="test_getItem" class="GeneralModel_test" file="/var/www/html/kppl-leli/application/tests/models/GeneralModel_test.php" line="28" assertions="1" time="0.016234"/>
      <testcase name="test_getParam" class="GeneralModel_test" file="/var/www/html/kppl-leli/application/tests/models/GeneralModel_test.php" line="33" assertions="1" time="0.015763"/>
      <testcase name="test_query" class="GeneralModel_test" file="/var/www/html/kppl-leli/application/tests/models/GeneralModel_test.php" line="41" assertions="1" time="0.014811"/>
      <testcase name="test_update" class="GeneralModel_test" file="/var/www/html/kppl-leli/application/tests/models/GeneralModel_test.php" line="46" assertions="0" time="0.059203"/>
      <testcase name="test_getPenawaran" class="GeneralModel_test" file="/var/www/html/kppl-leli/application/tests/models/GeneralModel_test.php" line="49" assertions="1" time="0.019678"/>
    </testsuite>
    <testsuite name="UserModel_test" file="/var/www/html/kppl-leli/application/tests/models/UserModel_test.php" fullPackage="UserModel" tests="4" assertions="5" failures="0" errors="0" time="0.141989">
      <testcase name="test_view" class="UserModel_test" file="/var/www/html/kppl-leli/application/tests/models/UserModel_test.php" line="9" assertions="2" time="0.016150"/>
      <testcase name="test_create_true" class="UserModel_test" file="/var/www/html/kppl-leli/application/tests/models/UserModel_test.php" line="16" assertions="1" time="0.094508"/>
      <testcase name="test_auth" class="UserModel_test" file="/var/www/html/kppl-leli/application/tests/models/UserModel_test.php" line="28" assertions="1" time="0.015284"/>
      <testcase name="test_getParam" class="UserModel_test" file="/var/www/html/kppl-leli/application/tests/models/UserModel_test.php" line="36" assertions="1" time="0.016047"/>
    </testsuite>
  </testsuite>
</testsuites>
