<?xml version="1.0" encoding="UTF-8"?>
<testsuites>
  <testsuite name="CodeIgniter Application Test Suite" tests="1" assertions="1" failures="0" errors="0" time="0.061466">
    <testsuite name="User_test" file="C:\xampp\htdocs\kppl-leli\application\tests\controllers\User_test.php" fullPackage="User" tests="1" assertions="1" failures="0" errors="0" time="0.061466">
      <testcase name="test_login" class="User_test" file="C:\xampp\htdocs\kppl-leli\application\tests\controllers\User_test.php" line="17" assertions="1" time="0.061466"/>
    </testsuite>
  </testsuite>
</testsuites>
